HackyBot commence le hacking
/HackyBot/node_modules/discord.js/src/rest/RequestHandler.js:350
      throw new DiscordAPIError(data, res.status, request);
            ^
DiscordAPIError: Unknown Message
    at RequestHandler.execute (/HackyBot/node_modules/discord.js/src/rest/RequestHandler.js:350:13)
    at processTicksAndRejections (node:internal/process/task_queues:96:5)
    at async RequestHandler.push (/HackyBot/node_modules/discord.js/src/rest/RequestHandler.js:51:14)
    at async MessageManager.delete (/HackyBot/node_modules/discord.js/src/managers/MessageManager.js:210:5)
    at async Message.delete (/HackyBot/node_modules/discord.js/src/structures/Message.js:792:5) {
  method: 'delete',
  path: '/channels/954358596982960198/messages/959210477571964979',
  code: 10008,
  httpStatus: 404,
  requestData: { json: undefined, files: [] }
}
HackyBot commence le hacking
HackyBot commence le hacking
/HackyBot/node_modules/discord.js/src/rest/RequestHandler.js:350
      throw new DiscordAPIError(data, res.status, request);
            ^
DiscordAPIError: Unknown Message
    at RequestHandler.execute (/HackyBot/node_modules/discord.js/src/rest/RequestHandler.js:350:13)
    at runMicrotasks (<anonymous>)
    at processTicksAndRejections (node:internal/process/task_queues:96:5)
    at async RequestHandler.push (/HackyBot/node_modules/discord.js/src/rest/RequestHandler.js:51:14)
    at async MessageManager.delete (/HackyBot/node_modules/discord.js/src/managers/MessageManager.js:210:5)
    at async Message.delete (/HackyBot/node_modules/discord.js/src/structures/Message.js:792:5) {
  method: 'delete',
  path: '/channels/954358596982960198/messages/959369535599824968',
  code: 10008,
  httpStatus: 404,
  requestData: { json: undefined, files: [] }
}
HackyBot commence le hacking
